<?xml version="1.0" encoding="UTF-8"?>
<testng-results skipped="0" failed="0" ignored="0" total="1" passed="1">
  <reporter-output>
  </reporter-output>
  <suite name="Suite" duration-ms="13967" started-at="2020-06-02T08:56:58Z" finished-at="2020-06-02T08:57:12Z">
    <groups>
    </groups>
    <test name="Test" duration-ms="13967" started-at="2020-06-02T08:56:58Z" finished-at="2020-06-02T08:57:12Z">
      <class name="CrossBrowserTesting.CrossBrowserTesting.VerifyTitle">
        <test-method status="PASS" signature="verifyPageTitle(java.lang.String)[pri:0, instance:CrossBrowserTesting.CrossBrowserTesting.VerifyTitle@18be83e4]" name="verifyPageTitle" duration-ms="13932" started-at="2020-06-02T08:56:58Z" finished-at="2020-06-02T08:57:12Z">
          <params>
            <param index="0">
              <value>
                <![CDATA[firefox]]>
              </value>
            </param>
          </params>
          <reporter-output>
          </reporter-output>
        </test-method> <!-- verifyPageTitle -->
      </class> <!-- CrossBrowserTesting.CrossBrowserTesting.VerifyTitle -->
    </test> <!-- Test -->
  </suite> <!-- Suite -->
</testng-results>
